<?xml version="1.0" encoding="UTF-8"?>
<!-- Generated by org.testng.reporters.JUnitReportReporter -->
<testsuite hostname="NVNANDAM-7420" failures="0" tests="4" name="Tests.SauceExecTest" time="58.290" errors="0" timestamp="2023-03-05T22:05:59 IST" skipped="0">
  <testcase classname="Tests.SauceExecTest" name="verifyHomePageTest" time="13.001"/>
  <system-out/>
  <testcase classname="Tests.SauceExecTest" name="verifyHomePageTestDup" time="8.985"/>
  <system-out/>
  <testcase classname="Tests.SauceExecTest" name="verifyHomePageTestDup" time="17.533"/>
  <system-out/>
  <testcase classname="Tests.SauceExecTest" name="verifyHomePageTest" time="18.771"/>
  <system-out/>
</testsuite> <!-- Tests.SauceExecTest -->
